('KEYWORD', 'tempo')
('TIME_LITERAL', '84')
('KEYWORD', 'define')
('TYPE_PART', 'loop')
('IDENTIFIER', 'twinkle_little_star')
('OPENBRACK',)
('TYPE_INSTRUMENT',)
('INSTRUMENT_LITERAL', 'piano')
('TYPE_SOUND', 'note')
('NOTE_LITERAL', 'c')
('TIME_LITERAL', '1')
('TYPE_TIME', 'beat')
('TYPE_SOUND', 'note')
('NOTE_LITERAL', 'c')
('TIME_LITERAL', '1')
('TYPE_TIME', 'beat')
('TYPE_SOUND', 'note')
('NOTE_LITERAL', 'g')
('TIME_LITERAL', '1')
('TYPE_TIME', 'beat')
('TYPE_SOUND', 'note')
('NOTE_LITERAL', 'g')
('TIME_LITERAL', '1')
('TYPE_TIME', 'beat')
('TYPE_SOUND', 'note')
('NOTE_LITERAL', 'a')
('TIME_LITERAL', '1')
('TYPE_TIME', 'beat')
('TYPE_SOUND', 'note')
('NOTE_LITERAL', 'g')
('TIME_LITERAL', '1')
('TYPE_TIME', 'beat')
('TYPE_SOUND', 'note')
('NOTE_LITERAL', 'g')
('TIME_LITERAL', '2')
('TYPE_TIME', 'beats')
('TYPE_SOUND', 'note')
('NOTE_LITERAL', 'f')
('TIME_LITERAL', '1')
('TYPE_TIME', 'beat')
('TYPE_SOUND', 'note')
('NOTE_LITERAL', 'f')
('TIME_LITERAL', '1')
('TYPE_TIME', 'beat')
('TYPE_SOUND', 'note')
('NOTE_LITERAL', 'e')
('TIME_LITERAL', '1')
('TYPE_TIME', 'beat')
('TYPE_SOUND', 'note')
('NOTE_LITERAL', 'e')
('TIME_LITERAL', '1')
('TYPE_TIME', 'beat')
('TYPE_SOUND', 'note')
('NOTE_LITERAL', 'd')
('TIME_LITERAL', '1')
('TYPE_TIME', 'beat')
('TYPE_SOUND', 'note')
('NOTE_LITERAL', 'd')
('TIME_LITERAL', '1')
('TYPE_TIME', 'beat')
('TYPE_SOUND', 'note')
('NOTE_LITERAL', 'c')
('TIME_LITERAL', '2')
('TYPE_TIME', 'beats')
('CLOSEBRACK',)
('KEYWORD', 'define')
('TYPE_PART', 'loop')
('IDENTIFIER', 'bass_drum')
('OPENBRACK',)
('TYPE_INSTRUMENT',)
('INSTRUMENT_LITERAL', 'bass')
('TYPE_SOUND', 'note')
('NOTE_LITERAL', 'c')
('TIME_LITERAL', '1')
('TYPE_TIME', 'beat')
('CLOSEBRACK',)
('KEYWORD', 'define')
('TYPE_PART', 'loop')
('IDENTIFIER', 'snare_drum')
('OPENBRACK',)
('TYPE_INSTRUMENT',)
('INSTRUMENT_LITERAL', 'snare')
('TYPE_SOUND', 'note')
('NOTE_LITERAL', 'd')
('TIME_LITERAL', '1')
('TYPE_TIME', 'beat')
('CLOSEBRACK',)
('KEYWORD', 'define')
('TYPE_PART', 'loop')
('IDENTIFIER', 'hat')
('OPENBRACK',)
('TYPE_INSTRUMENT',)
('INSTRUMENT_LITERAL', 'hihat')
('TYPE_SOUND', 'note')
('NOTE_LITERAL', 'b')
('TIME_LITERAL', '1')
('TYPE_TIME', 'beat')
('CLOSEBRACK',)
('TYPE_GROUP',)
('IDENTIFIER', 'drum_pattern')
('OPENBRACK',)
('IDENTIFIER', 'bass_drum')
('IDENTIFIER', 'hat')
('IDENTIFIER', 'bass_drum')
('IDENTIFIER', 'snare_drum')
('CLOSEBRACK',)
('KEYWORD', 'play')
('IDENTIFIER', 'twinkle_little_star')
('COMMA',)
('IDENTIFIER', 'drum_pattern')
