('KEYWORD', 'tempo')
('TIME_LITERAL', '80')
('KEYWORD', 'define')
('TYPE_PART', 'loop')
('IDENTIFIER', 'foo')
('OPENBRACK',)
('TYPE_INSTRUMENT',)
('INSTRUMENT_LITERAL', 'piano')
('TYPE_SOUND', 'note')
('NOTE_LITERAL', 'a')
('TIME_LITERAL', '1')
('TYPE_TIME', 'beat')
('TYPE_SOUND', 'note')
('NOTE_LITERAL', 'a')
('COMMA',)
('TYPE_SOUND', 'chord')
('CHORD_LITERAL', 'd')
('TIME_LITERAL', '2')
('TYPE_TIME', 'beats')
('KEYWORD', 'rest')
('TIME_LITERAL', '1')
('TYPE_TIME', 'beat')
('CLOSEBRACK',)
('KEYWORD', 'define')
('TYPE_PART', 'segment')
('IDENTIFIER', 'solo')
('OPENBRACK',)
('TYPE_INSTRUMENT',)
('INSTRUMENT_LITERAL', 'guitar')
('TYPE_SOUND', 'note')
('NOTE_LITERAL', 'a')
('TIME_LITERAL', '1')
('TYPE_TIME', 'beat')
('TYPE_SOUND', 'note')
('NOTE_LITERAL', 'b')
('TIME_LITERAL', '1')
('TYPE_TIME', 'beat')
('TYPE_SOUND', 'note')
('NOTE_LITERAL', 'c')
('TIME_LITERAL', '1')
('TYPE_TIME', 'beat')
('TYPE_SOUND', 'note')
('NOTE_LITERAL', 'd')
('TIME_LITERAL', '1')
('TYPE_TIME', 'beat')
('CLOSEBRACK',)
('KEYWORD', 'play')
('IDENTIFIER', 'foo')
('COMMA',)
('IDENTIFIER', 'solo')
