('KEYWORD', 'tempo')
('TIME_LITERAL', '60')
('KEYWORD', 'define')
('TYPE_PART', 'segment')
('IDENTIFIER', 'mary_had_a')
('OPENBRACK',)
('TYPE_INSTRUMENT',)
('INSTRUMENT_LITERAL', 'horn')
('TYPE_SOUND', 'note')
('NOTE_LITERAL', 'e')
('TIME_LITERAL', '1')
('TYPE_TIME', 'beat')
('TYPE_SOUND', 'note')
('NOTE_LITERAL', 'd')
('TIME_LITERAL', '1')
('TYPE_TIME', 'beat')
('TYPE_SOUND', 'note')
('NOTE_LITERAL', 'c')
('TIME_LITERAL', '1')
('TYPE_TIME', 'beat')
('CLOSEBRACK',)
('KEYWORD', 'define')
('TYPE_PART', 'segment')
('IDENTIFIER', 'little_lamb')
('OPENBRACK',)
('TYPE_INSTRUMENT',)
('INSTRUMENT_LITERAL', 'guitar')
('TYPE_SOUND', 'note')
('NOTE_LITERAL', 'd')
('TIME_LITERAL', '1')
('TYPE_TIME', 'beat')
('TYPE_SOUND', 'note')
('NOTE_LITERAL', 'e')
('TIME_LITERAL', '1')
('TYPE_TIME', 'beat')
('TYPE_SOUND', 'note')
('NOTE_LITERAL', 'e')
('TIME_LITERAL', '1')
('TYPE_TIME', 'beat')
('TYPE_SOUND', 'note')
('NOTE_LITERAL', 'e')
('TIME_LITERAL', '2')
('TYPE_TIME', 'beats')
('CLOSEBRACK',)
('KEYWORD', 'define')
('TYPE_PART', 'segment')
('IDENTIFIER', 'fleece')
('OPENBRACK',)
('TYPE_INSTRUMENT',)
('INSTRUMENT_LITERAL', 'piano')
('TYPE_SOUND', 'note')
('NOTE_LITERAL', 'd')
('TIME_LITERAL', '1')
('TYPE_TIME', 'beat')
('TYPE_SOUND', 'note')
('NOTE_LITERAL', 'd')
('TIME_LITERAL', '1')
('TYPE_TIME', 'beat')
('TYPE_SOUND', 'note')
('NOTE_LITERAL', 'd')
('TIME_LITERAL', '2')
('TYPE_TIME', 'beats')
('TYPE_SOUND', 'note')
('NOTE_LITERAL', 'e')
('TIME_LITERAL', '1')
('TYPE_TIME', 'beat')
('TYPE_SOUND', 'note')
('NOTE_LITERAL', 'g')
('TIME_LITERAL', '1')
('TYPE_TIME', 'beat')
('TYPE_SOUND', 'note')
('NOTE_LITERAL', 'g')
('TIME_LITERAL', '2')
('TYPE_TIME', 'beats')
('CLOSEBRACK',)
('TYPE_GROUP',)
('IDENTIFIER', 'mary_had_a_little_lamb')
('OPENBRACK',)
('IDENTIFIER', 'mary_had_a')
('IDENTIFIER', 'little_lamb')
('IDENTIFIER', 'fleece')
('CLOSEBRACK',)
('KEYWORD', 'play')
('IDENTIFIER', 'mary_had_a_little_lamb')
