('KEYWORD', 'tempo')
('TIME_LITERAL', '100')
('KEYWORD', 'play')
('TYPE_PART', 'loop')
('IDENTIFIER', 'background_piano')
('OPENBRACK',)
('TYPE_INSTRUMENT',)
('INSTRUMENT_LITERAL', 'piano')
('KEYWORD', 'generate')
('DESCRIPTION_LITERAL', 'happy')
('TYPE_SOUND', 'chord')
('TIME_LITERAL', '4')
('TYPE_TIME', 'beats')
('KEYWORD', 'generate')
('DESCRIPTION_LITERAL', 'sad')
('TYPE_SOUND', 'chord')
('TIME_LITERAL', '4')
('TYPE_TIME', 'beats')
('CLOSEBRACK',)
('KEYWORD', 'play')
('TYPE_PART', 'loop')
('IDENTIFIER', 'guitar')
('OPENBRACK',)
('TYPE_INSTRUMENT',)
('INSTRUMENT_LITERAL', 'guitar')
('TYPE_SOUND', 'note')
('NOTE_LITERAL', 'a')
('TIME_LITERAL', '1')
('TYPE_TIME', 'beat')
('TYPE_SOUND', 'note')
('NOTE_LITERAL', 'g#')
('TIME_LITERAL', '0.25')
('TYPE_TIME', 'beat')
('TYPE_SOUND', 'note')
('NOTE_LITERAL', 'f')
('TIME_LITERAL', '0.25')
('TYPE_TIME', 'beat')
('TYPE_SOUND', 'note')
('NOTE_LITERAL', 'eb')
('TIME_LITERAL', '0.25')
('TYPE_TIME', 'beat')
('TYPE_SOUND', 'note')
('NOTE_LITERAL', 'b')
('TIME_LITERAL', '0.25')
('TYPE_TIME', 'beat')
('TYPE_SOUND', 'note')
('NOTE_LITERAL', 'c')
('TIME_LITERAL', '2')
('TYPE_TIME', 'beats')
('TYPE_SOUND', 'note')
('NOTE_LITERAL', 'd#')
('TIME_LITERAL', '1')
('TYPE_TIME', 'beat')
('CLOSEBRACK',)
('KEYWORD', 'play')
('TYPE_PART', 'loop')
('IDENTIFIER', 'four_on_the_floor')
('OPENBRACK',)
('TYPE_INSTRUMENT',)
('INSTRUMENT_LITERAL', 'bass')
('TYPE_SOUND', 'note')
('NOTE_LITERAL', 'a')
('TIME_LITERAL', '1')
('TYPE_TIME', 'beat')
('TYPE_SOUND', 'note')
('NOTE_LITERAL', 'b')
('TIME_LITERAL', '1')
('TYPE_TIME', 'beat')
('CLOSEBRACK',)
