Program (None)
|   |-- Tempo (60)
|   |-- Define (None)
|   |   |-- Type (segment)
|   |   |-- Identifier (mary_had_a)
|   |   |-- Body (None)
|   |   |   |-- Instrument (horn)
|   |   |   |-- Sound (note)
|   |   |   |   |-- Value (e)
|   |   |   |   |-- Duration (1 beat)
|   |   |   |-- Sound (note)
|   |   |   |   |-- Value (d)
|   |   |   |   |-- Duration (1 beat)
|   |   |   |-- Sound (note)
|   |   |   |   |-- Value (c)
|   |   |   |   |-- Duration (1 beat)
|   |-- Define (None)
|   |   |-- Type (segment)
|   |   |-- Identifier (little_lamb)
|   |   |-- Body (None)
|   |   |   |-- Instrument (guitar)
|   |   |   |-- Sound (note)
|   |   |   |   |-- Value (d)
|   |   |   |   |-- Duration (1 beat)
|   |   |   |-- Sound (note)
|   |   |   |   |-- Value (e)
|   |   |   |   |-- Duration (1 beat)
|   |   |   |-- Sound (note)
|   |   |   |   |-- Value (e)
|   |   |   |   |-- Duration (1 beat)
|   |   |   |-- Sound (note)
|   |   |   |   |-- Value (e)
|   |   |   |   |-- Duration (2 beats)
|   |-- Define (None)
|   |   |-- Type (segment)
|   |   |-- Identifier (fleece)
|   |   |-- Body (None)
|   |   |   |-- Instrument (piano)
|   |   |   |-- Sound (note)
|   |   |   |   |-- Value (d)
|   |   |   |   |-- Duration (1 beat)
|   |   |   |-- Sound (note)
|   |   |   |   |-- Value (d)
|   |   |   |   |-- Duration (1 beat)
|   |   |   |-- Sound (note)
|   |   |   |   |-- Value (d)
|   |   |   |   |-- Duration (2 beats)
|   |   |   |-- Sound (note)
|   |   |   |   |-- Value (e)
|   |   |   |   |-- Duration (1 beat)
|   |   |   |-- Sound (note)
|   |   |   |   |-- Value (g)
|   |   |   |   |-- Duration (1 beat)
|   |   |   |-- Sound (note)
|   |   |   |   |-- Value (g)
|   |   |   |   |-- Duration (2 beats)
|   |-- Group (None)
|   |   |-- Identifier (mary_had_a_little_lamb)
|   |   |-- Body (None)
|   |   |   |-- Identifier (mary_had_a)
|   |   |   |-- Identifier (little_lamb)
|   |   |   |-- Identifier (fleece)
|   |-- Play (None)
|   |   |-- Identifier (mary_had_a_little_lamb)
