Program (None)
|   |-- Tempo (100)
|   |-- Play (None)
|   |   |-- Type (loop)
|   |   |-- Identifier (background_piano)
|   |   |-- Body (None)
|   |   |   |-- Instrument (piano)
|   |   |   |-- Generate (None)
|   |   |   |   |-- Description (happy)
|   |   |   |   |-- Sound (chord)
|   |   |   |   |   |-- Duration (4 beats)
|   |   |   |   |-- Generate (None)
|   |   |   |   |   |-- Description (sad)
|   |   |   |   |   |-- Sound (chord)
|   |   |   |   |   |   |-- Duration (4 beats)
|   |-- Play (None)
|   |   |-- Type (loop)
|   |   |-- Identifier (guitar)
|   |   |-- Body (None)
|   |   |   |-- Instrument (guitar)
|   |   |   |-- Sound (note)
|   |   |   |   |-- Value (a)
|   |   |   |   |-- Duration (1 beat)
|   |   |   |-- Sound (note)
|   |   |   |   |-- Value (g#)
|   |   |   |   |-- Duration (0.25 beat)
|   |   |   |-- Sound (note)
|   |   |   |   |-- Value (f)
|   |   |   |   |-- Duration (0.25 beat)
|   |   |   |-- Sound (note)
|   |   |   |   |-- Value (eb)
|   |   |   |   |-- Duration (0.25 beat)
|   |   |   |-- Sound (note)
|   |   |   |   |-- Value (b)
|   |   |   |   |-- Duration (0.25 beat)
|   |   |   |-- Sound (note)
|   |   |   |   |-- Value (c)
|   |   |   |   |-- Duration (2 beats)
|   |   |   |-- Sound (note)
|   |   |   |   |-- Value (d#)
|   |   |   |   |-- Duration (1 beat)
|   |-- Play (None)
|   |   |-- Type (loop)
|   |   |-- Identifier (four_on_the_floor)
|   |   |-- Body (None)
|   |   |   |-- Instrument (bass)
|   |   |   |-- Sound (note)
|   |   |   |   |-- Value (a)
|   |   |   |   |-- Duration (1 beat)
|   |   |   |-- Sound (note)
|   |   |   |   |-- Value (b)
|   |   |   |   |-- Duration (1 beat)
