Program (None)
|   |-- Tempo (80)
|   |-- Define (None)
|   |   |-- Type (loop)
|   |   |-- Identifier (foo)
|   |   |-- Body (None)
|   |   |   |-- Instrument (piano)
|   |   |   |-- Sound (note)
|   |   |   |   |-- Value (a)
|   |   |   |   |-- Duration (1 beat)
|   |   |   |-- Sound (note)
|   |   |   |   |-- Value (a)
|   |   |   |   |-- Sound (chord)
|   |   |   |   |   |-- Value (d)
|   |   |   |   |   |-- Duration (2 beats)
|   |   |   |   |-- Rest (None)
|   |   |   |   |   |-- Duration (1 beat)
|   |-- Define (None)
|   |   |-- Type (segment)
|   |   |-- Identifier (solo)
|   |   |-- Body (None)
|   |   |   |-- Instrument (guitar)
|   |   |   |-- Sound (note)
|   |   |   |   |-- Value (a)
|   |   |   |   |-- Duration (1 beat)
|   |   |   |-- Sound (note)
|   |   |   |   |-- Value (b)
|   |   |   |   |-- Duration (1 beat)
|   |   |   |-- Sound (note)
|   |   |   |   |-- Value (c)
|   |   |   |   |-- Duration (1 beat)
|   |   |   |-- Sound (note)
|   |   |   |   |-- Value (d)
|   |   |   |   |-- Duration (1 beat)
|   |-- Play (None)
|   |   |-- Identifier (foo)
|   |   |-- Identifier (solo)
