Program (None)
|   |-- Tempo (84)
|   |-- Define (None)
|   |   |-- Type (loop)
|   |   |-- Identifier (twinkle_little_star)
|   |   |-- Body (None)
|   |   |   |-- Instrument (piano)
|   |   |   |-- Sound (note)
|   |   |   |   |-- Value (c)
|   |   |   |   |-- Duration (1 beat)
|   |   |   |-- Sound (note)
|   |   |   |   |-- Value (c)
|   |   |   |   |-- Duration (1 beat)
|   |   |   |-- Sound (note)
|   |   |   |   |-- Value (g)
|   |   |   |   |-- Duration (1 beat)
|   |   |   |-- Sound (note)
|   |   |   |   |-- Value (g)
|   |   |   |   |-- Duration (1 beat)
|   |   |   |-- Sound (note)
|   |   |   |   |-- Value (a)
|   |   |   |   |-- Duration (1 beat)
|   |   |   |-- Sound (note)
|   |   |   |   |-- Value (g)
|   |   |   |   |-- Duration (1 beat)
|   |   |   |-- Sound (note)
|   |   |   |   |-- Value (g)
|   |   |   |   |-- Duration (2 beats)
|   |   |   |-- Sound (note)
|   |   |   |   |-- Value (f)
|   |   |   |   |-- Duration (1 beat)
|   |   |   |-- Sound (note)
|   |   |   |   |-- Value (f)
|   |   |   |   |-- Duration (1 beat)
|   |   |   |-- Sound (note)
|   |   |   |   |-- Value (e)
|   |   |   |   |-- Duration (1 beat)
|   |   |   |-- Sound (note)
|   |   |   |   |-- Value (e)
|   |   |   |   |-- Duration (1 beat)
|   |   |   |-- Sound (note)
|   |   |   |   |-- Value (d)
|   |   |   |   |-- Duration (1 beat)
|   |   |   |-- Sound (note)
|   |   |   |   |-- Value (d)
|   |   |   |   |-- Duration (1 beat)
|   |   |   |-- Sound (note)
|   |   |   |   |-- Value (c)
|   |   |   |   |-- Duration (2 beats)
|   |-- Define (None)
|   |   |-- Type (loop)
|   |   |-- Identifier (bass_drum)
|   |   |-- Body (None)
|   |   |   |-- Instrument (bass)
|   |   |   |-- Sound (note)
|   |   |   |   |-- Value (c)
|   |   |   |   |-- Duration (1 beat)
|   |-- Define (None)
|   |   |-- Type (loop)
|   |   |-- Identifier (snare_drum)
|   |   |-- Body (None)
|   |   |   |-- Instrument (snare)
|   |   |   |-- Sound (note)
|   |   |   |   |-- Value (d)
|   |   |   |   |-- Duration (1 beat)
|   |-- Define (None)
|   |   |-- Type (loop)
|   |   |-- Identifier (hat)
|   |   |-- Body (None)
|   |   |   |-- Instrument (hihat)
|   |   |   |-- Sound (note)
|   |   |   |   |-- Value (b)
|   |   |   |   |-- Duration (1 beat)
|   |-- Group (None)
|   |   |-- Identifier (drum_pattern)
|   |   |-- Body (None)
|   |   |   |-- Identifier (bass_drum)
|   |   |   |-- Identifier (hat)
|   |   |   |-- Identifier (bass_drum)
|   |   |   |-- Identifier (snare_drum)
|   |-- Play (None)
|   |   |-- Identifier (twinkle_little_star)
|   |   |-- Identifier (drum_pattern)
