Program (None)
|   |-- Tempo (120)
|   |-- Define (None)
|   |   |-- Type (loop)
|   |   |-- Identifier (bass_guitar)
|   |   |-- Body (None)
|   |   |   |-- Instrument (bass)
|   |   |   |-- Sound (note)
|   |   |   |   |-- Value (a)
|   |   |   |   |-- Duration (1 beat)
|   |-- Define (None)
|   |   |-- Type (loop)
|   |   |-- Identifier (bass_drums)
|   |   |-- Body (None)
|   |   |   |-- Instrument (bass)
|   |   |   |-- Sound (note)
|   |   |   |   |-- Value (a)
|   |   |   |   |-- Sound (note)
|   |   |   |   |   |-- Value (b)
|   |   |   |   |   |-- Duration (1 beat)
|   |   |   |   |-- Sound (note)
|   |   |   |   |   |-- Value (a)
|   |   |   |   |   |-- Duration (1 beat)
|   |-- Define (None)
|   |   |-- Type (loop)
|   |   |-- Identifier (hat)
|   |   |-- Body (None)
|   |   |   |-- Instrument (hihat)
|   |   |   |-- Sound (note)
|   |   |   |   |-- Value (b)
|   |   |   |   |-- Duration (1 beat)
|   |-- Group (None)
|   |   |-- Identifier (drum_kit)
|   |   |-- Body (None)
|   |   |   |-- Identifier (bass_guitar)
|   |   |   |-- Identifier (hat)
|   |   |   |-- Identifier (hat)
|   |   |   |-- Identifier (bass_drums)
|   |-- Play (None)
|   |   |-- Identifier (drum_kit)
