< KEYWORD , tempo >
< TIME_LITERAL , 84 >
< NEWLINE >
< NEWLINE >
< KEYWORD , define >
< ERROR , Unrecognized token 'loop.' >
< IDENTIFIER , twinkle_little_star >
< OPENBRACK >
< NEWLINE >
< TYPE_INSTRUMENT >
< INSTRUMENT_LITERAL , piano >
< NEWLINE >
< TYPE_SOUND, {note} >
< NOTE_LITERAL , c >
< TIME_LITERAL , 1 >
< TYPE_TIME, {beat} >
< NEWLINE >
< TYPE_SOUND, {note} >
< NOTE_LITERAL , c >
< TIME_LITERAL , 1 >
< TYPE_TIME, {beat} >
< NEWLINE >
< TYPE_SOUND, {note} >
< NOTE_LITERAL , g >
< TIME_LITERAL , 1 >
< TYPE_TIME, {beat} >
< NEWLINE >
< TYPE_SOUND, {note} >
< NOTE_LITERAL , g >
< TIME_LITERAL , 1 >
< TYPE_TIME, {beat} >
< NEWLINE >
< TYPE_SOUND, {note} >
< NOTE_LITERAL , a >
< TIME_LITERAL , 1 >
< TYPE_TIME, {beat} >
< NEWLINE >
< TYPE_SOUND, {note} >
< IDENTIFIER , h >
< TIME_LITERAL , 1 >
< TYPE_TIME, {beat} >
< NEWLINE >
< IDENTIFIER , notes >
< NOTE_LITERAL , g >
< TIME_LITERAL , 2 >
< TYPE_TIME, {beats} >
< NEWLINE >
< NEWLINE >
< TYPE_SOUND, {note} >
< NOTE_LITERAL , f >
< TIME_LITERAL , 1 >
< TYPE_TIME, {beat} >
< NEWLINE >
< TYPE_SOUND, {note} >
< NOTE_LITERAL , f >
< TIME_LITERAL , 1 >
< TYPE_TIME, {beat} >
< NEWLINE >
< TYPE_SOUND, {note} >
< NOTE_LITERAL , e >
< TIME_LITERAL , 1 >
< TYPE_TIME, {beat} >
< NEWLINE >
< TYPE_SOUND, {note} >
< NOTE_LITERAL , e >
< TIME_LITERAL , 1 >
< TYPE_TIME, {beat} >
< NEWLINE >
< TYPE_SOUND, {note} >
< NOTE_LITERAL , d >
< TIME_LITERAL , 1 >
< TYPE_TIME, {beat} >
< NEWLINE >
< TYPE_SOUND, {note} >
< NOTE_LITERAL , d >
< TIME_LITERAL , 1 >
< TYPE_TIME, {beat} >
< NEWLINE >
< TYPE_SOUND, {note} >
< NOTE_LITERAL , c >
< TIME_LITERAL , 2 >
< TYPE_TIME, {beats} >
< NEWLINE >
< CLOSEBRACK >
< NEWLINE >
< NEWLINE >
< KEYWORD , define >
< TYPE_PART , {loop} >
< IDENTIFIER , bass_drum >
< OPENBRACK >
< NEWLINE >
< TYPE_INSTRUMENT >
< INSTRUMENT_LITERAL , bass >
< NEWLINE >
< TYPE_SOUND, {note} >
< NOTE_LITERAL , c >
< TIME_LITERAL , 1 >
< TYPE_TIME, {beat} >
< NEWLINE >
< CLOSEBRACK >
< NEWLINE >
< NEWLINE >
< KEYWORD , define >
< TYPE_PART , {loop} >
< ERROR , Unrecognized token '3snare' >
< OPENBRACK >
< NEWLINE >
< TYPE_INSTRUMENT >
< INSTRUMENT_LITERAL , snare >
< NEWLINE >
< TYPE_SOUND, {note} >
< NOTE_LITERAL , d >
< TIME_LITERAL , 1 >
< TYPE_TIME, {beat} >
< NEWLINE >
< CLOSEBRACK >
< NEWLINE >
< NEWLINE >
< KEYWORD , define >
< TYPE_PART , {loop} >
< IDENTIFIER , hat >
< OPENBRACK >
< NEWLINE >
< TYPE_INSTRUMENT >
< INSTRUMENT_LITERAL , hihat >
< NEWLINE >
< TYPE_SOUND, {note} >
< NOTE_LITERAL , b >
< TIME_LITERAL , 1 >
< TYPE_TIME, {beat} >
< NEWLINE >
< CLOSEBRACK >
< NEWLINE >
< NEWLINE >
< TYPE_GROUP >
< IDENTIFIER , drum_pattern >
< OPENBRACK >
< NEWLINE >
< IDENTIFIER , bass_drum >
< NEWLINE >
< IDENTIFIER , hat >
< NEWLINE >
< IDENTIFIER , bass_drum >
< NEWLINE >
< ERROR , Unrecognized token '3snare' >
< NEWLINE >
< CLOSEBRACK >
< NEWLINE >
< NEWLINE >
< KEYWORD , play >
< IDENTIFIER , twinkle_little_star >
< COMMA >
< IDENTIFIER , drum_pattern >
< NEWLINE >
