< KEYWORD , tempo >
< TIME_LITERAL , 60 >
< NEWLINE >
< NEWLINE >
< KEYWORD , define >
< TYPE_PART , {segment} >
< IDENTIFIER , mary_had_a >
< OPENBRACK >
< NEWLINE >
< TYPE_INSTRUMENT >
< INSTRUMENT_LITERAL , horn >
< NEWLINE >
< TYPE_SOUND, {note} >
< NOTE_LITERAL , e >
< TIME_LITERAL , 1 >
< TYPE_TIME, {beat} >
< NEWLINE >
< TYPE_SOUND, {note} >
< NOTE_LITERAL , d >
< TIME_LITERAL , 1 >
< TYPE_TIME, {beat} >
< NEWLINE >
< TYPE_SOUND, {note} >
< NOTE_LITERAL , c >
< TIME_LITERAL , 1 >
< TYPE_TIME, {beat} >
< NEWLINE >
< CLOSEBRACK >
< NEWLINE >
< NEWLINE >
< KEYWORD , define >
< TYPE_PART , {segment} >
< IDENTIFIER , little_lamb >
< OPENBRACK >
< NEWLINE >
< TYPE_INSTRUMENT >
< INSTRUMENT_LITERAL , guitar >
< NEWLINE >
< TYPE_SOUND, {note} >
< NOTE_LITERAL , d >
< TIME_LITERAL , 1 >
< TYPE_TIME, {beat} >
< NEWLINE >
< TYPE_SOUND, {note} >
< NOTE_LITERAL , e >
< TIME_LITERAL , 1 >
< TYPE_TIME, {beat} >
< NEWLINE >
< TYPE_SOUND, {note} >
< NOTE_LITERAL , e >
< TIME_LITERAL , 1 >
< TYPE_TIME, {beat} >
< NEWLINE >
< TYPE_SOUND, {note} >
< NOTE_LITERAL , e >
< TIME_LITERAL , 2 >
< TYPE_TIME, {beats} >
< NEWLINE >
< CLOSEBRACK >
< NEWLINE >
< NEWLINE >
< KEYWORD , define >
< TYPE_PART , {segment} >
< IDENTIFIER , fleece >
< OPENBRACK >
< NEWLINE >
< TYPE_INSTRUMENT >
< INSTRUMENT_LITERAL , piano >
< NEWLINE >
< TYPE_SOUND, {note} >
< NOTE_LITERAL , d >
< TIME_LITERAL , 1 >
< TYPE_TIME, {beat} >
< NEWLINE >
< TYPE_SOUND, {note} >
< NOTE_LITERAL , d >
< TIME_LITERAL , 1 >
< TYPE_TIME, {beat} >
< NEWLINE >
< TYPE_SOUND, {note} >
< NOTE_LITERAL , d >
< TIME_LITERAL , 2 >
< TYPE_TIME, {beats} >
< NEWLINE >
< TYPE_SOUND, {note} >
< NOTE_LITERAL , e >
< TIME_LITERAL , 1 >
< TYPE_TIME, {beat} >
< NEWLINE >
< TYPE_SOUND, {note} >
< NOTE_LITERAL , g >
< TIME_LITERAL , 1 >
< TYPE_TIME, {beat} >
< NEWLINE >
< TYPE_SOUND, {note} >
< NOTE_LITERAL , g >
< TIME_LITERAL , 2 >
< TYPE_TIME, {beats} >
< NEWLINE >
< CLOSEBRACK >
< NEWLINE >
< NEWLINE >
< KEYWORD , define >
< TYPE_PART , {loop} >
< IDENTIFIER , mary_had_a_little_lamb >
< OPENBRACK >
< NEWLINE >
< IDENTIFIER , mary_had_a >
< NEWLINE >
< IDENTIFIER , little_lamb >
< NEWLINE >
< IDENTIFIER , fleece >
< NEWLINE >
< KEYWORD , rest >
< TIME_LITERAL , 1 >
< TYPE_TIME, {beat} >
< NEWLINE >
< CLOSEBRACK >
< NEWLINE >
< NEWLINE >
< KEYWORD , play >
< IDENTIFIER , mary_had_a_little_lamb >
